<?xml version="1.0" encoding="UTF-8"?>
<testsuite name="HelloWorldTest" tests="4" skipped="0" failures="0" errors="0" timestamp="2017-06-13T10:48:36" hostname="Suleyman-MacBook-Pro.local" time="0.003">
  <properties/>
  <testcase name="helloSampleName" classname="HelloWorldTest" time="0.002"/>
  <testcase name="helloNoName" classname="HelloWorldTest" time="0.0"/>
  <testcase name="emptyStringIsComparedByValue" classname="HelloWorldTest" time="0.0"/>
  <testcase name="helloAnotherSampleName" classname="HelloWorldTest" time="0.0"/>
  <system-out><![CDATA[]]></system-out>
  <system-err><![CDATA[]]></system-err>
</testsuite>
